<?xml version="1.0" encoding="UTF-8"?>
<!-- Generated by org.testng.reporters.JUnitReportReporter -->
<testsuite hostname="HYD-MAC-15-7777.local" failures="0" tests="1" name="com.prathyusha.devops.project.AppTest" time="1.752" errors="0" timestamp="26 May 2021 12:39:17 GMT" skipped="0">
  <testcase classname="com.prathyusha.devops.project.AppTest" name="verify" time="1.752"/>
</testsuite> <!-- com.prathyusha.devops.project.AppTest -->
